The system is: Windows - 10.0.19044 - AMD64
Compiling the C compiler identification source file "CMakeCCompilerId.c" succeeded.
Compiler: B:/Programme/Microsoft Visual Studio/2022/Community/VC/Tools/MSVC/14.32.31326/bin/Hostx86/x86/cl.exe 
Build flags: 
Id flags:  

The output was:
0
Microsoft (R) C/C++ Optimizing Compiler Version 19.32.31328 for x86
Copyright (C) Microsoft Corporation.  All rights reserved.

CMakeCCompilerId.c
Microsoft (R) Incremental Linker Version 14.32.31328.0
Copyright (C) Microsoft Corporation.  All rights reserved.

/out:CMakeCCompilerId.exe 
CMakeCCompilerId.obj 


Compilation of the C compiler identification source "CMakeCCompilerId.c" produced "CMakeCCompilerId.exe"

Compilation of the C compiler identification source "CMakeCCompilerId.c" produced "CMakeCCompilerId.obj"

The C compiler identification is MSVC, found in "B:/Git-repos/pico-dev/WS2812B/build/elf2uf2/CMakeFiles/3.23.0/CompilerIdC/CMakeCCompilerId.exe"

Compiling the CXX compiler identification source file "CMakeCXXCompilerId.cpp" succeeded.
Compiler: B:/Programme/Microsoft Visual Studio/2022/Community/VC/Tools/MSVC/14.32.31326/bin/Hostx86/x86/cl.exe 
Build flags: 
Id flags:  

The output was:
0
Microsoft (R) C/C++ Optimizing Compiler Version 19.32.31328 for x86
Copyright (C) Microsoft Corporation.  All rights reserved.

CMakeCXXCompilerId.cpp
Microsoft (R) Incremental Linker Version 14.32.31328.0
Copyright (C) Microsoft Corporation.  All rights reserved.

/out:CMakeCXXCompilerId.exe 
CMakeCXXCompilerId.obj 


Compilation of the CXX compiler identification source "CMakeCXXCompilerId.cpp" produced "CMakeCXXCompilerId.exe"

Compilation of the CXX compiler identification source "CMakeCXXCompilerId.cpp" produced "CMakeCXXCompilerId.obj"

The CXX compiler identification is MSVC, found in "B:/Git-repos/pico-dev/WS2812B/build/elf2uf2/CMakeFiles/3.23.0/CompilerIdCXX/CMakeCXXCompilerId.exe"

Detecting C compiler ABI info compiled with the following output:
Change Dir: B:/Git-repos/pico-dev/WS2812B/build/elf2uf2/CMakeFiles/CMakeTmp

Run Build Command(s):nmake -f Makefile /nologo cmTC_2dacd\fast && 	"B:\Programme\Microsoft Visual Studio\2022\Community\VC\Tools\MSVC\14.32.31326\bin\HostX86\x86\nmake.exe"  -f CMakeFiles\cmTC_2dacd.dir\build.make /nologo -L                  CMakeFiles\cmTC_2dacd.dir\build
Building C object CMakeFiles/cmTC_2dacd.dir/CMakeCCompilerABI.c.obj
	B:\Programme\CMake\bin\cmake.exe -E cmake_cl_compile_depends --dep-file=CMakeFiles\cmTC_2dacd.dir\CMakeCCompilerABI.c.obj.d --working-dir=B:\Git-repos\pico-dev\WS2812B\build\elf2uf2\CMakeFiles\CMakeTmp --filter-prefix="Note: including file: " -- "B:\Programme\Microsoft Visual Studio\2022\Community\VC\Tools\MSVC\14.32.31326\bin\Hostx86\x86\cl.exe" @C:\Users\benni\AppData\Local\Temp\nmA0DA.tmp
CMakeCCompilerABI.c
Linking C executable cmTC_2dacd.exe
	B:\Programme\CMake\bin\cmake.exe -E vs_link_exe --intdir=CMakeFiles\cmTC_2dacd.dir --rc=C:\PROGRA~2\WI3CF2~1\10\bin\100190~1.0\x86\rc.exe --mt=C:\PROGRA~2\WI3CF2~1\10\bin\100190~1.0\x86\mt.exe --manifests -- "B:\Programme\Microsoft Visual Studio\2022\Community\VC\Tools\MSVC\14.32.31326\bin\Hostx86\x86\link.exe" /nologo @CMakeFiles\cmTC_2dacd.dir\objects1.rsp @C:\Users\benni\AppData\Local\Temp\nmA177.tmp



Detecting CXX compiler ABI info compiled with the following output:
Change Dir: B:/Git-repos/pico-dev/WS2812B/build/elf2uf2/CMakeFiles/CMakeTmp

Run Build Command(s):nmake -f Makefile /nologo cmTC_d6b83\fast && 	"B:\Programme\Microsoft Visual Studio\2022\Community\VC\Tools\MSVC\14.32.31326\bin\HostX86\x86\nmake.exe"  -f CMakeFiles\cmTC_d6b83.dir\build.make /nologo -L                  CMakeFiles\cmTC_d6b83.dir\build
Building CXX object CMakeFiles/cmTC_d6b83.dir/CMakeCXXCompilerABI.cpp.obj
	B:\Programme\CMake\bin\cmake.exe -E cmake_cl_compile_depends --dep-file=CMakeFiles\cmTC_d6b83.dir\CMakeCXXCompilerABI.cpp.obj.d --working-dir=B:\Git-repos\pico-dev\WS2812B\build\elf2uf2\CMakeFiles\CMakeTmp --filter-prefix="Note: including file: " -- "B:\Programme\Microsoft Visual Studio\2022\Community\VC\Tools\MSVC\14.32.31326\bin\Hostx86\x86\cl.exe" @C:\Users\benni\AppData\Local\Temp\nmA493.tmp
CMakeCXXCompilerABI.cpp
Linking CXX executable cmTC_d6b83.exe
	B:\Programme\CMake\bin\cmake.exe -E vs_link_exe --intdir=CMakeFiles\cmTC_d6b83.dir --rc=C:\PROGRA~2\WI3CF2~1\10\bin\100190~1.0\x86\rc.exe --mt=C:\PROGRA~2\WI3CF2~1\10\bin\100190~1.0\x86\mt.exe --manifests -- "B:\Programme\Microsoft Visual Studio\2022\Community\VC\Tools\MSVC\14.32.31326\bin\Hostx86\x86\link.exe" /nologo @CMakeFiles\cmTC_d6b83.dir\objects1.rsp @C:\Users\benni\AppData\Local\Temp\nmA530.tmp



